Корабль Santa Maria прибыл в порт
Корабль Santa Maria направляется к причалу №1
Причал №1 освободился
---
Очередь кораблей на рейде (0)
---
---
Статус причалов:
1: 
2: 
3: 
4: 
5: 
6: 
---
Корабль Santa Monica прибыл в порт
Корабль Santa Monica направляется к причалу №1
Корабль Leo прибыл в порт
Корабль Leo направляется к причалу №2
Корабль Princ прибыл в порт
Корабль Princ направляется к причалу №3
Причал №2 освободился
Корабль Mamma Mia прибыл в порт
Корабль Mamma Mia направляется к причалу №2
Корабль Santa Lucia прибыл в порт
Корабль Santa Lucia направляется к причалу №4
Корабль Barb прибыл в порт
Корабль Barb направляется к причалу №5
Корабль Viena прибыл в порт
Корабль Viena направляется к причалу №6
Корабль Maolka прибыл в порт
Корабль Maolka встал в очередь
Корабль Monaco прибыл в порт
Корабль Monaco встал в очередь
Корабль Mokaccino C прибыл в порт
Корабль Mokaccino C встал в очередь
---
Очередь кораблей на рейде (3): 
Maolka
Monaco
Mokaccino C
---
---
Статус причалов:
1: Santa Monica
2: Mamma Mia
3: Princ
4: Santa Lucia
5: Barb
6: Viena
---
Причал №5 освободился
Корабль Maolka направляется к причалу №5
Корабль Laguna прибыл в порт
Корабль Laguna встал в очередь
Причал №1 освободился
Корабль Monaco направляется к причалу №1
---
Статус причалов:
1: Monaco
2: Mamma Mia
3: Princ
4: Santa Lucia
5: Maolka
6: Viena
---
Корабль Antalia прибыл в порт
Корабль Antalia встал в очередь
---
Очередь кораблей на рейде (3): 
Mokaccino C
Laguna
Antalia
---
---
Статус причалов:
1: Monaco
2: Mamma Mia
3: Princ
4: Santa Lucia
5: Maolka
6: Viena
---
